<?xml version="1.0" encoding="UTF-8"?>
<!-- Generated by org.testng.reporters.JUnitXMLReporter -->
<testsuite ignored="1" hostname="LAPTOP-VOH3DKSC" failures="0" tests="2" name="Car Loan" time="0.021" errors="0" timestamp="2022-08-13T11:30:29 IST">
  <testcase classname="udemyPractice.Class4" name="ApiloginHomeLoan" time="0.005"/>
  <testcase classname="udemyPractice.Class4" name="WebloginHomeLoan" time="0.004"/>
  <testcase classname="udemyPractice.Class4" name="MobileloginHomeLoan" time="0.0">
    <ignored/>
  </testcase> <!-- MobileloginHomeLoan -->
</testsuite> <!-- Car Loan -->
