<?xml version="1.0" encoding="UTF-8"?>
<!-- Generated by org.testng.reporters.JUnitXMLReporter -->
<testsuite ignored="3" hostname="LAPTOP-VOH3DKSC" failures="0" tests="5" name="personal loan" time="0.077" errors="0" timestamp="2022-08-13T11:30:29 IST">
  <testcase classname="udemyPractice.Class2" name="demo" time="0.007"/>
  <testcase classname="udemyPractice.Class1" name="demo" time="0.002"/>
  <testcase classname="udemyPractice.Class1" name="demo1" time="0.002"/>
  <testcase classname="udemyPractice.Class3" name="ApiloginCarLoan" time="0.003"/>
  <testcase classname="udemyPractice.Class3" name="WebloginCarLoan" time="0.004"/>
  <testcase classname="udemyPractice.Class3" name="MobileSignupCarLoan" time="0.0">
    <ignored/>
  </testcase> <!-- MobileSignupCarLoan -->
  <testcase classname="udemyPractice.Class3" name="MobilelogoutCarLoan" time="0.0">
    <ignored/>
  </testcase> <!-- MobilelogoutCarLoan -->
  <testcase classname="udemyPractice.Class3" name="MobileloginCarLoan" time="0.0">
    <ignored/>
  </testcase> <!-- MobileloginCarLoan -->
</testsuite> <!-- personal loan -->
