<?xml version="1.0" encoding="UTF-8"?>
<!-- Generated by org.testng.reporters.JUnitXMLReporter -->
<testsuite ignored="0" hostname="LAPTOP-VOH3DKSC" failures="0" tests="7" name="Default test" time="0.091" errors="0" timestamp="2022-08-13T17:35:45 IST">
  <testcase classname="udemyPractice.Class3" name="ApiloginCarLoan" time="0.005"/>
  <testcase classname="udemyPractice.Class3" name="MobileSignupCarLoan" time="0.001"/>
  <testcase classname="udemyPractice.Class3" name="MobileloginCarLoan" time="0.003"/>
  <testcase classname="udemyPractice.Class3" name="MobilelogoutCarLoan" time="0.002"/>
  <testcase classname="udemyPractice.Class3" name="MobilelogoutCarLoan" time="0.002"/>
  <testcase classname="udemyPractice.Class3" name="MobilelogoutCarLoan" time="0.003"/>
  <testcase classname="udemyPractice.Class3" name="WebloginCarLoan" time="0.001"/>
</testsuite> <!-- Default test -->
