<?xml version="1.0" encoding="UTF-8"?>
<!-- Generated by org.testng.reporters.JUnitXMLReporter -->
<testsuite ignored="1" hostname="LAPTOP-VOH3DKSC" failures="1" tests="12" name="Loan" time="0.139" errors="0" timestamp="2022-08-13T18:35:44 IST">
  <testcase classname="udemyPractice.Class1" name="demo" time="0.019">
    <failure type="java.lang.AssertionError" message="expected [true] but found [false]">
      <![CDATA[java.lang.AssertionError: expected [true] but found [false]
at udemyPractice.Class1.demo(Class1.java:20)
at java.base/java.util.ArrayList.forEach(ArrayList.java:1511)
at java.base/java.util.concurrent.FutureTask.run(FutureTask.java:264)
at java.base/java.util.concurrent.ThreadPoolExecutor.runWorker(ThreadPoolExecutor.java:1136)
at java.base/java.util.concurrent.ThreadPoolExecutor$Worker.run(ThreadPoolExecutor.java:635)
at java.base/java.lang.Thread.run(Thread.java:833)
... Removed 22 stack frames]]>
    </failure>
  </testcase> <!-- demo -->
  <testcase classname="udemyPractice.Class2" name="demo" time="0.005"/>
  <testcase classname="udemyPractice.Class3" name="ApiloginCarLoan" time="0.001"/>
  <testcase classname="udemyPractice.Class3" name="MobileSignupCarLoan" time="0.003"/>
  <testcase classname="udemyPractice.Class3" name="MobileloginCarLoan" time="0.002"/>
  <testcase classname="udemyPractice.Class3" name="MobilelogoutCarLoan" time="0.001"/>
  <testcase classname="udemyPractice.Class3" name="MobilelogoutCarLoan" time="0.001"/>
  <testcase classname="udemyPractice.Class3" name="MobilelogoutCarLoan" time="0.002"/>
  <testcase classname="udemyPractice.Class3" name="WebloginCarLoan" time="0.001"/>
  <testcase classname="udemyPractice.Class4" name="MobileloginHomeLoan" time="0.003"/>
  <testcase classname="udemyPractice.Class4" name="WebloginHomeLoan" time="0.002"/>
  <testcase classname="udemyPractice.Class4" name="ApiloginHomeLoan" time="0.0"/>
  <testcase classname="udemyPractice.Class1" name="demo1" time="0.0">
    <ignored/>
  </testcase> <!-- demo1 -->
</testsuite> <!-- Loan -->
