<?xml version="1.0" encoding="UTF-8"?>
<!-- Generated by org.testng.reporters.JUnitXMLReporter -->
<testsuite ignored="7" hostname="LAPTOP-VOH3DKSC" failures="0" tests="4" name="Test" time="0.081" errors="0" timestamp="2022-08-13T18:04:53 IST">
  <testcase classname="udemyPractice.Class2" name="demo" time="0.009"/>
  <testcase classname="udemyPractice.Class1" name="demo" time="0.001"/>
  <testcase classname="udemyPractice.Class4" name="WebloginHomeLoan" time="0.006"/>
  <testcase classname="udemyPractice.Class3" name="ApiloginCarLoan" time="0.002"/>
  <testcase classname="udemyPractice.Class4" name="ApiloginHomeLoan" time="0.0">
    <ignored/>
  </testcase> <!-- ApiloginHomeLoan -->
  <testcase classname="udemyPractice.Class3" name="MobileSignupCarLoan" time="0.0">
    <ignored/>
  </testcase> <!-- MobileSignupCarLoan -->
  <testcase classname="udemyPractice.Class3" name="WebloginCarLoan" time="0.0">
    <ignored/>
  </testcase> <!-- WebloginCarLoan -->
  <testcase classname="udemyPractice.Class3" name="MobilelogoutCarLoan" time="0.0">
    <ignored/>
  </testcase> <!-- MobilelogoutCarLoan -->
  <testcase classname="udemyPractice.Class1" name="demo1" time="0.0">
    <ignored/>
  </testcase> <!-- demo1 -->
  <testcase classname="udemyPractice.Class3" name="MobileloginCarLoan" time="0.0">
    <ignored/>
  </testcase> <!-- MobileloginCarLoan -->
  <testcase classname="udemyPractice.Class4" name="MobileloginHomeLoan" time="0.0">
    <ignored/>
  </testcase> <!-- MobileloginHomeLoan -->
</testsuite> <!-- Test -->
